<?xml version="1.0" encoding="UTF-8"?>
<!-- Generated by org.testng.reporters.JUnitReportReporter -->
<testsuite hostname="farukalam" failures="0" tests="3" name="test_runner.Testng_Runner" time="0.122" errors="0" timestamp="2024-03-27T16:24:31 EDT" skipped="0">
  <testcase classname="test_runner.Testng_Runner" name="runScenario" time="0.016"/>
  <testcase classname="test_runner.Testng_Runner" name="runScenario" time="0.015"/>
  <testcase classname="test_runner.Testng_Runner" name="runScenario" time="0.091"/>
</testsuite> <!-- test_runner.Testng_Runner -->
